<?xml version="1.0" encoding="UTF-8"?>
<testsuite name="ThermostatTest" tests="4" skipped="0" failures="0" errors="0" timestamp="2022-09-20T10:36:24" hostname="Jophies-MacBook-Pro.local" time="0.186">
  <properties/>
  <testcase name="testFanCanBeTurnedOn()" classname="ThermostatTest" time="0.179"/>
  <testcase name="testFanCanBeToggledOnAndOff()" classname="ThermostatTest" time="0.0"/>
  <testcase name="testReadTemperatureCanReturnsTemperature()" classname="ThermostatTest" time="0.005"/>
  <testcase name="testFanStatusIsFalseOnInitialisation()" classname="ThermostatTest" time="0.001"/>
  <system-out><![CDATA[]]></system-out>
  <system-err><![CDATA[]]></system-err>
</testsuite>
