<?xml version="1.0" encoding="UTF-8"?>
<testsuite name="ThermostatTest" tests="3" skipped="0" failures="0" errors="0" timestamp="2022-09-19T15:54:33" hostname="Jophies-MacBook-Pro.local" time="0.012">
  <properties/>
  <testcase name="testFanCanBeTurnedOn()" classname="ThermostatTest" time="0.01"/>
  <testcase name="testFanCanBeToggledOnAndOff()" classname="ThermostatTest" time="0.001"/>
  <testcase name="testFanStatusIsFalseOnInitialisation()" classname="ThermostatTest" time="0.0"/>
  <system-out><![CDATA[]]></system-out>
  <system-err><![CDATA[]]></system-err>
</testsuite>
