<?xml version="1.0" encoding="UTF-8"?>
<testsuite name="ThermostatTest" tests="2" skipped="0" failures="0" errors="0" timestamp="2022-09-19T15:51:05" hostname="Jophies-MacBook-Pro.local" time="0.018">
  <properties/>
  <testcase name="testFanCanBeTurnedOn()" classname="ThermostatTest" time="0.016"/>
  <testcase name="testFanStatusIsFalseOnInitialisation()" classname="ThermostatTest" time="0.0"/>
  <system-out><![CDATA[]]></system-out>
  <system-err><![CDATA[]]></system-err>
</testsuite>
